<?xml version="1.0" encoding="UTF-8"?>
<!-- Generated by org.testng.reporters.JUnitXMLReporter -->
<testsuite hostname="User-PC" name="Regration Test" tests="3" failures="0" timestamp="13 May 2017 19:12:44 GMT" time="0.023" errors="0">
  <testcase name="nineTest" time="0.003" classname="com.first.pack.Script_RunningClass"/>
  <testcase name="sevenTest" time="0.002" classname="com.first.pack.Script_RunningClass"/>
  <testcase name="firstTest" time="0.003" classname="com.first.pack.Script_RunningClass"/>
</testsuite> <!-- Regration Test -->
