<?xml version="1.0" encoding="UTF-8"?>
<!-- Generated by org.testng.reporters.JUnitXMLReporter -->
<testsuite hostname="User-PC" name="Smoke Test" tests="3" failures="0" timestamp="13 May 2017 19:12:44 GMT" time="0.059" errors="0">
  <testcase name="secondTest" time="0.019" classname="com.first.pack.Script_RunningClass"/>
  <testcase name="threeTest" time="0.002" classname="com.first.pack.Script_RunningClass"/>
  <testcase name="fifth" time="0.008" classname="com.first.pack.Script_RunningClass"/>
</testsuite> <!-- Smoke Test -->
